<?xml version="1.0" encoding="utf-8"?><testsuites><testsuite name="pytest" errors="0" failures="0" skipped="0" tests="15" time="2.263" timestamp="2025-10-07T12:26:45.693250" hostname="6ff6120965d2"><testcase classname="test_chatbot.TestChatbotService" name="test_generate_embedding" time="0.016" /><testcase classname="test_chatbot.TestChatbotService" name="test_search_similar_content" time="0.010" /><testcase classname="test_chatbot.TestChatbotService" name="test_get_session_stats" time="0.010" /><testcase classname="test_chatbot.TestChatbotService" name="test_get_cluster_info" time="0.009" /><testcase classname="test_chatbot.TestChatbotService" name="test_generate_llm_response" time="0.010" /><testcase classname="test_chatbot.TestChatbotService" name="test_extract_intent" time="0.009" /><testcase classname="test_chatbot.TestChatbotService" name="test_process_message_search_content" time="0.008" /><testcase classname="test_chatbot.TestChatbotService" name="test_process_message_explore_clusters" time="0.010" /><testcase classname="test_chatbot.TestChatbotService" name="test_process_message_get_summary" time="0.009" /><testcase classname="test_chatbot.TestChatbotAPI" name="test_send_message_endpoint" time="0.040" /><testcase classname="test_chatbot.TestChatbotAPI" name="test_get_conversation_history" time="0.003" /><testcase classname="test_chatbot.TestChatbotAPI" name="test_clear_conversation_history" time="0.003" /><testcase classname="test_chatbot.TestChatbotAPI" name="test_provide_feedback" time="0.004" /><testcase classname="test_chatbot.TestChatbotAPI" name="test_health_check" time="0.007" /><testcase classname="test_chatbot" name="test_integration_flow" time="0.010" /></testsuite></testsuites>